mode: set
github.com/zenorachi/url-shortener/internal/repository/url.go:13.42,15.2 1 1
github.com/zenorachi/url-shortener/internal/repository/url.go:17.65,19.16 2 1
github.com/zenorachi/url-shortener/internal/repository/url.go:19.16,21.3 1 1
github.com/zenorachi/url-shortener/internal/repository/url.go:23.2,23.12 1 1
github.com/zenorachi/url-shortener/internal/repository/url.go:26.82,28.16 2 1
github.com/zenorachi/url-shortener/internal/repository/url.go:28.16,30.3 1 1
github.com/zenorachi/url-shortener/internal/repository/url.go:32.2,32.22 1 1
